# JRE version: Java(TM) SE Runtime Environment (8.0_45-b14) (build 1.8.0_45-b14)
# Java VM: Java HotSpot(TM) 64-Bit Server VM (25.45-b02 mixed mode windows-amd64 compressed oops)
Heap:
 PSYoungGen      total 44032K, used 22723K [0x000000076b400000, 0x000000076ee80000, 0x00000007c0000000)
  eden space 41472K, 49% used [0x000000076b400000,0x000000076c7f8c30,0x000000076dc80000)
  from space 2560K, 88% used [0x000000076dd00000,0x000000076df38000,0x000000076df80000)
  to   space 9216K, 0% used [0x000000076e580000,0x000000076e580000,0x000000076ee80000)
 ParOldGen       total 175104K, used 78568K [0x00000006c1c00000, 0x00000006cc700000, 0x000000076b400000)
  object space 175104K, 44% used [0x00000006c1c00000,0x00000006c68ba240,0x00000006cc700000)
 Metaspace       used 7255K, capacity 7587K, committed 7680K, reserved 1056768K
  class space    used 664K, capacity 688K, committed 768K, reserved 1048576K
GC Heap History (10 events):
Event: 137.730 GC heap before
{Heap before GC invocations=29 (full 0):
 PSYoungGen      total 54272K, used 46482K [0x000000076b400000, 0x000000076f500000, 0x00000007c0000000)
  eden space 44032K, 100% used [0x000000076b400000,0x000000076df00000,0x000000076df00000)
  from space 10240K, 23% used [0x000000076eb00000,0x000000076ed64b18,0x000000076f500000)
  to   space 11264K, 0% used [0x000000076df00000,0x000000076df00000,0x000000076ea00000)
 ParOldGen       total 175104K, used 68533K [0x00000006c1c00000, 0x00000006cc700000, 0x000000076b400000)
  object space 175104K, 39% used [0x00000006c1c00000,0x00000006c5eed728,0x00000006cc700000)
 Metaspace       used 7255K, capacity 7587K, committed 7680K, reserved 1056768K
  class space    used 664K, capacity 688K, committed 768K, reserved 1048576K
Event: 137.733 GC heap after
Heap after GC invocations=29 (full 0):
 PSYoungGen      total 46080K, used 2400K [0x000000076b400000, 0x000000076f380000, 0x00000007c0000000)
  eden space 43520K, 0% used [0x000000076b400000,0x000000076b400000,0x000000076de80000)
  from space 2560K, 93% used [0x000000076df00000,0x000000076e158000,0x000000076e180000)
  to   space 10752K, 0% used [0x000000076e900000,0x000000076e900000,0x000000076f380000)
 ParOldGen       total 175104K, used 70624K [0x00000006c1c00000, 0x00000006cc700000, 0x000000076b400000)
  object space 175104K, 40% used [0x00000006c1c00000,0x00000006c60f8240,0x00000006cc700000)
 Metaspace       used 7255K, capacity 7587K, committed 7680K, reserved 1056768K
  class space    used 664K, capacity 688K, committed 768K, reserved 1048576K
}
Event: 141.458 GC heap before
{Heap before GC invocations=30 (full 0):
 PSYoungGen      total 46080K, used 45920K [0x000000076b400000, 0x000000076f380000, 0x00000007c0000000)
  eden space 43520K, 100% used [0x000000076b400000,0x000000076de80000,0x000000076de80000)
  from space 2560K, 93% used [0x000000076df00000,0x000000076e158000,0x000000076e180000)
  to   space 10752K, 0% used [0x000000076e900000,0x000000076e900000,0x000000076f380000)
 ParOldGen       total 175104K, used 70624K [0x00000006c1c00000, 0x00000006cc700000, 0x000000076b400000)
  object space 175104K, 40% used [0x00000006c1c00000,0x00000006c60f8240,0x00000006cc700000)
 Metaspace       used 7255K, capacity 7587K, committed 7680K, reserved 1056768K
  class space    used 664K, capacity 688K, committed 768K, reserved 1048576K
Event: 141.461 GC heap after
Heap after GC invocations=30 (full 0):
 PSYoungGen      total 52224K, used 2446K [0x000000076b400000, 0x000000076f200000, 0x00000007c0000000)
  eden space 43008K, 0% used [0x000000076b400000,0x000000076b400000,0x000000076de00000)
  from space 9216K, 26% used [0x000000076e900000,0x000000076eb63890,0x000000076f200000)
  to   space 10240K, 0% used [0x000000076de00000,0x000000076de00000,0x000000076e800000)
 ParOldGen       total 175104K, used 72640K [0x00000006c1c00000, 0x00000006cc700000, 0x000000076b400000)
  object space 175104K, 41% used [0x00000006c1c00000,0x00000006c62f0240,0x00000006cc700000)
 Metaspace       used 7255K, capacity 7587K, committed 7680K, reserved 1056768K
  class space    used 664K, capacity 688K, committed 768K, reserved 1048576K
}
Event: 145.151 GC heap before
{Heap before GC invocations=31 (full 0):
 PSYoungGen      total 52224K, used 45454K [0x000000076b400000, 0x000000076f200000, 0x00000007c0000000)
  eden space 43008K, 100% used [0x000000076b400000,0x000000076de00000,0x000000076de00000)
  from space 9216K, 26% used [0x000000076e900000,0x000000076eb63890,0x000000076f200000)
  to   space 10240K, 0% used [0x000000076de00000,0x000000076de00000,0x000000076e800000)
 ParOldGen       total 175104K, used 72640K [0x00000006c1c00000, 0x00000006cc700000, 0x000000076b400000)
  object space 175104K, 41% used [0x00000006c1c00000,0x00000006c62f0240,0x00000006cc700000)
 Metaspace       used 7255K, capacity 7587K, committed 7680K, reserved 1056768K
  class space    used 664K, capacity 688K, committed 768K, reserved 1048576K
Event: 145.154 GC heap after
Heap after GC invocations=31 (full 0):
 PSYoungGen      total 45056K, used 2382K [0x000000076b400000, 0x000000076f080000, 0x00000007c0000000)
  eden space 42496K, 0% used [0x000000076b400000,0x000000076b400000,0x000000076dd80000)
  from space 2560K, 93% used [0x000000076de00000,0x000000076e053890,0x000000076e080000)
  to   space 9728K, 0% used [0x000000076e700000,0x000000076e700000,0x000000076f080000)
 ParOldGen       total 175104K, used 74640K [0x00000006c1c00000, 0x00000006cc700000, 0x000000076b400000)
  object space 175104K, 42% used [0x00000006c1c00000,0x00000006c64e4240,0x00000006cc700000)
 Metaspace       used 7255K, capacity 7587K, committed 7680K, reserved 1056768K
  class space    used 664K, capacity 688K, committed 768K, reserved 1048576K
}
Event: 148.863 GC heap before
{Heap before GC invocations=32 (full 0):
 PSYoungGen      total 45056K, used 44878K [0x000000076b400000, 0x000000076f080000, 0x00000007c0000000)
  eden space 42496K, 100% used [0x000000076b400000,0x000000076dd80000,0x000000076dd80000)
  from space 2560K, 93% used [0x000000076de00000,0x000000076e053890,0x000000076e080000)
  to   space 9728K, 0% used [0x000000076e700000,0x000000076e700000,0x000000076f080000)
 ParOldGen       total 175104K, used 74640K [0x00000006c1c00000, 0x00000006cc700000, 0x000000076b400000)
  object space 175104K, 42% used [0x00000006c1c00000,0x00000006c64e4240,0x00000006cc700000)
 Metaspace       used 7255K, capacity 7587K, committed 7680K, reserved 1056768K
  class space    used 664K, capacity 688K, committed 768K, reserved 1048576K
Event: 148.866 GC heap after
Heap after GC invocations=32 (full 0):
 PSYoungGen      total 51200K, used 2382K [0x000000076b400000, 0x000000076f000000, 0x00000007c0000000)
  eden space 41984K, 0% used [0x000000076b400000,0x000000076b400000,0x000000076dd00000)
  from space 9216K, 25% used [0x000000076e700000,0x000000076e953890,0x000000076f000000)
  to   space 9728K, 0% used [0x000000076dd00000,0x000000076dd00000,0x000000076e680000)
 ParOldGen       total 175104K, used 76616K [0x00000006c1c00000, 0x00000006cc700000, 0x000000076b400000)
  object space 175104K, 43% used [0x00000006c1c00000,0x00000006c66d2240,0x00000006cc700000)
 Metaspace       used 7255K, capacity 7587K, committed 7680K, reserved 1056768K
  class space    used 664K, capacity 688K, committed 768K, reserved 1048576K
}
Event: 152.473 GC heap before
{Heap before GC invocations=33 (full 0):
 PSYoungGen      total 51200K, used 44366K [0x000000076b400000, 0x000000076f000000, 0x00000007c0000000)
  eden space 41984K, 100% used [0x000000076b400000,0x000000076dd00000,0x000000076dd00000)
  from space 9216K, 25% used [0x000000076e700000,0x000000076e953890,0x000000076f000000)
  to   space 9728K, 0% used [0x000000076dd00000,0x000000076dd00000,0x000000076e680000)
 ParOldGen       total 175104K, used 76616K [0x00000006c1c00000, 0x00000006cc700000, 0x000000076b400000)
  object space 175104K, 43% used [0x00000006c1c00000,0x00000006c66d2240,0x00000006cc700000)
 Metaspace       used 7255K, capacity 7587K, committed 7680K, reserved 1056768K
  class space    used 664K, capacity 688K, committed 768K, reserved 1048576K
Event: 152.476 GC heap after
Heap after GC invocations=33 (full 0):
 PSYoungGen      total 44032K, used 2272K [0x000000076b400000, 0x000000076ee80000, 0x00000007c0000000)
  eden space 41472K, 0% used [0x000000076b400000,0x000000076b400000,0x000000076dc80000)
  from space 2560K, 88% used [0x000000076dd00000,0x000000076df38000,0x000000076df80000)
  to   space 9216K, 0% used [0x000000076e580000,0x000000076e580000,0x000000076ee80000)
 ParOldGen       total 175104K, used 78568K [0x00000006c1c00000, 0x00000006cc700000, 0x000000076b400000)
  object space 175104K, 44% used [0x00000006c1c00000,0x00000006c68ba240,0x00000006cc700000)
 Metaspace       used 7255K, capacity 7587K, committed 7680K, reserved 1056768K
  class space    used 664K, capacity 688K, committed 768K, reserved 1048576K
}

